<?xml version="1.0" encoding="UTF-8"?>
<!-- Generated by org.testng.reporters.JUnitReportReporter -->
<testsuite hostname="DESKTOP-9AOR3G2" name="com.TestRunner.RunningTest" tests="1" failures="0" timestamp="11 Sep 2020 15:01:28 GMT" time="288.684" errors="0">
  <testcase name="feature" time="288.684" classname="com.TestRunner.RunningTest"/>
</testsuite> <!-- com.TestRunner.RunningTest -->
